java.net.ConnectException: Connection refused: connect
	at java.base/sun.nio.ch.Net.connect0(Native Method)
	at java.base/sun.nio.ch.Net.connect(Net.java:493)
	at java.base/sun.nio.ch.Net.connect(Net.java:482)
	at java.base/sun.nio.ch.NioSocketImpl.connect(NioSocketImpl.java:588)
	at java.base/java.net.SocksSocketImpl.connect(SocksSocketImpl.java:339)
	at java.base/java.net.Socket.connect(Socket.java:603)
	at java.base/java.net.Socket.connect(Socket.java:552)
	at java.base/java.net.Socket.<init>(Socket.java:475)
	at java.base/java.net.Socket.<init>(Socket.java:249)
	at bbPack.MainFrame.<init>(MainFrame.java:40)
	at bbPack.MainFrame.main(MainFrame.java:138)
	at java.base/jdk.internal.reflect.NativeMethodAccessorImpl.invoke0(Native Method)
	at java.base/jdk.internal.reflect.NativeMethodAccessorImpl.invoke(NativeMethodAccessorImpl.java:62)
	at java.base/jdk.internal.reflect.DelegatingMethodAccessorImpl.invoke(DelegatingMethodAccessorImpl.java:43)
	at java.base/java.lang.reflect.Method.invoke(Method.java:567)
	at com.exe4j.runtime.LauncherEngine.launch(LauncherEngine.java:84)
	at com.exe4j.runtime.WinLauncher.main(WinLauncher.java:94)
Uncaught error fetching image:
java.lang.NullPointerException
	at java.desktop/sun.awt.image.URLImageSource.getConnection(URLImageSource.java:101)
	at java.desktop/sun.awt.image.URLImageSource.getDecoder(URLImageSource.java:111)
	at java.desktop/sun.awt.image.InputStreamImageSource.doFetch(InputStreamImageSource.java:263)
	at java.desktop/sun.awt.image.ImageFetcher.fetchloop(ImageFetcher.java:212)
	at java.desktop/sun.awt.image.ImageFetcher.run(ImageFetcher.java:176)
